{
  "stats": {
    "suites": 1,
    "tests": 1,
    "passes": 0,
    "pending": 0,
    "failures": 1,
    "start": "2023-01-05T08:36:47.552Z",
    "end": "2023-01-05T08:40:18.253Z",
    "duration": 210701,
    "testsRegistered": 1,
    "passPercent": 0,
    "pendingPercent": 0,
    "other": 0,
    "hasOther": false,
    "skipped": 0,
    "hasSkipped": false
  },
  "results": [
    {
      "uuid": "2dc4d7f6-9ede-4456-96b5-b7afa03029d8",
      "title": "",
      "fullFile": "cypress\\e2e\\E2E_HE_ENT.js",
      "file": "cypress\\e2e\\E2E_HE_ENT.js",
      "beforeHooks": [],
      "afterHooks": [],
      "tests": [],
      "suites": [
        {
          "uuid": "01351d0b-3847-461c-9505-ebf8657c8012",
          "title": "E2E test of createting and sending Entscheide for HE code https://osiv-frtest.ivnet.ch",
          "fullFile": "",
          "file": "",
          "beforeHooks": [],
          "afterHooks": [],
          "tests": [
            {
              "title": "Verify Environment",
              "fullTitle": "E2E test of createting and sending Entscheide for HE code https://osiv-frtest.ivnet.ch Verify Environment",
              "timedOut": null,
              "duration": 208527,
              "state": "failed",
              "speed": null,
              "pass": false,
              "fail": true,
              "pending": false,
              "context": null,
              "code": "_Desktop.default.Versicherte().click();\n_VPGrid.default.typevpName(\"Wait Will\").type(\"{enter}\");\n_VPGrid.default.vpSelectedRow().dblclick();\ncy.wait(3000);\n_Dashboard.default.HomeBtn().click();\ncy.wait(4000);\n//cy.wait I used here cause the element Entscheide tab exists on page but it is not clickable\n_VPDetails.default.Entscheide().click();\n_Buttons.default.EntscheideNew();\n_VPEntscheidGrid.default.NewBtn().click();\n_EntscheidNew.default.SelectLeistungsgruppeValue(\"Hilflosenentschädigung\").click();\n_EntscheidNew.default.SelectLeistungscodeValue(\"Hilflosenentschädigung\").click();\n_EntscheidNew.default.ValidateGesuchValue(\"vom 01.02.2022\");\n_EntscheidNew.default.ValidateEreignisValue(\"Basis vom 22.11.2022\");\n_EntscheidNew.default.ValidateBereichValue(\"IV Erwachsene\");\n_EntscheidNew.default.ValidateBearbeiterValue(\"Hulk1 - Hulk Eins\");\n_EntscheidNew.default.ValidateArbeitslisteValue(\"Neu\");\n_EntscheidNew.default.ModatOkBtn().click();\n_EntscheidNew.default.WarningConfirmBtn().click();\n_Dashboard.default.HomeBtn().click();\n_EntscheidDetails.default.ValidateOrangeBasicDataColor(\"rgb(255, 165, 0)\");\n_EntscheidDetails.default.ValidateOrangeDetailsTabColor(\"rgb(255, 165, 0)\");\n_EntscheidDetails.default.ValidateNotOrangeDurchführungsstellenTabColor(\"rgb(255, 165, 0)\");\nif (url == \"https://osiv-frtest.ivnet.ch/\") {\n  _EntscheidDetails.default.ValidateOrangeHilflosigkeitTabColor(\"rgb(255, 165, 0)\");\n} else {\n  _EntscheidDetails.default.ValidateBitteWarningMsg(\"Bitte die Bearbeitung einleiten. (OSCIENT:522)\");\n}\n_EntscheidDetails.default.ValidateShouldbefilledMsg(\"Es müssen noch folgende Felder ausgefüllt werden: Entscheid, Supertext, Entscheidtyp, Gebrechen, Funktionsausfall. (OSCIENT:523)\");\n_EntscheidDetails.default.ValidateArbeitslisteValue(\"Neu\");\n_EntscheidDetails.default.ValidateGesuchValue(\"vom 01.02.2022\");\n_EntscheidDetails.default.ValidateEreignisValue(\"Basis vom 22.11.2022\");\n_EntscheidDetails.default.ValidateBereichValue(\"IV\");\n_EntscheidDetails.default.ValidateBearbeiterValue(\"Hulk1 - Hulk Eins\");\n_EntscheidDetails.default.ValidateLeistungsgruppeValue(\"HE\");\n_EntscheidDetails.default.ValidateLeistungscodeValue(\"HE - Hilflosenentschädigung\");\n_EntscheidDetails.default.SelectEntscheidValue(\"Zusprache\");\n_EntscheidDetails.default.SelectSupertextValue(\"3205\");\n_EntscheidDetails.default.SelectEntscheidtypValue(\"Mitteilung der IV-Stelle (IV Allgemein)\");\n_EntscheidDetails.default.SelectGebrechenValue(\"101\");\n_EntscheidDetails.default.SelectFunktausfallValue(\"01\");\n_EntscheidDetails.default.SelectBeginnValue(today);\n_EntscheidDetails.default.SpeicherBtn().click();\n_EntscheidDetails.default.WarningConfirmBtn().click();\n_EntscheidDetails.default.ValidateNotOrangeEntscheidSendungenColor(\"rgb(255, 165, 0)\");\n_EntscheidDetails.default.ValidateNotOrangeBasicDataColor(\"rgb(255, 165, 0)\");\n_EntscheidDetails.default.ValidateNoShouldbefilledMsg(\"Es müssen noch folgende Felder ausgefüllt werden: Entscheid, Supertext, Entscheidtyp, Gebrechen, Funktionsausfall. (OSCIENT:523)\");\n_EntscheidDetails.default.BearbeitungEinleitenBtn().click();\n_EntscheidDetails.default.modalOkBtn(\"Hulk1 - Hulk Eins\");\n_EntscheidDetails.default.ValidateNotOrangeFreitexteColor(\"rgb(255, 165, 0)\");\n_EntscheidDetails.default.ValidateNotOrangeDiskutierenColor(\"rgb(255, 165, 0)\");\n_EntscheidDetails.default.ValidateArbeitslisteValue(\"Bearbeiten\");\n_EntscheidDetails.default.HilflosigkeitTab().click();\n_EntscheidHilflosigkeitTab.default.SelectArtderInvaliditätValue(\"Langdauernde Erwerbsunfähigkeit\");\n_EntscheidHilflosigkeitTab.default.SelectAusgleichskasseValue(\"10 - Ausgleichskasse des Kantons Freiburg\");\n_EntscheidHilflosigkeitTab.default.SelectAufenthaltbezValue(\"Zu Hause\");\n_EntscheidHilflosigkeitTab.default.SelectAnAuskleidenDate(today);\n_EntscheidHilflosigkeitTab.default.SelectAufstehenAbsitzenDate(today);\n_EntscheidHilflosigkeitTab.default.SelectEssenDate(today);\n_EntscheidHilflosigkeitTab.default.SpeichernBtn().click();\n_EntscheidHilflosigkeitTab.default.ConfirmBtn().click();\n_EntscheidDetails.default.ValidateOrangeHilflosigkeitTabColor(\"rgb(255, 165, 0)\");\n_EntscheidHilflosigkeitTab.default.ValidateAblaufWartefristValue(nextyear);\n_EntscheidHilflosigkeitTab.default.ValidateWFGradValue(\"20 %\");\n_EntscheidHilflosigkeitTab.default.ValidateTageValue(countOfdaysInYear);\n_EntscheidHilflosigkeitTab.default.ValidateGrenzgradValue(\"20 %\");\n_EntscheidHilflosigkeitTab.default.ValidateBeginnDate(today);\n_EntscheidHilflosigkeitTab.default.ValidateEndeDate(end);\n_EntscheidHilflosigkeitTab.default.ValidateAnzahlTageValue(countOfdaysInYear);\n_EntscheidHilflosigkeitTab.default.ValidateHEGradinValue(\"20\");\n_EntscheidHilflosigkeitTab.default.ValidateHEGradValue(\"Leicht\");\n_EntscheidHilflosigkeitTab.default.ValidateHEGradBeginnDate(firstday);\n_EntscheidHilflosigkeitTab.default.ValidateHeGradabDate(firstday);\n_EntscheidHilflosigkeitTab.default.ValidateHEGradVerlaufValue(\"Leicht\");\n_EntscheidDetails.default.FreitexteTab().click();\n_EntscheidDetails.default.ValidateOrangeFreitextColor(\"rgb(255, 165, 0)\");\n_EntscheidFreitexteTab.default.TextForm(\"test\");\n_EntscheidFreitexteTab.default.BegründungSpeichernBtn().click();\ncy.wait(15000);\n_EntscheidFreitexteTab.default.ValidateTextFormValue(\"test\");\n_EntscheidFreitexteTab.default.VerfügungBeiblattAK().click();\n_EntscheidFreitexteTab.default.FreitextgenerierenBtn().click();\n_EntscheidFreitexteTab.default.WarningconfirmBtn().click();\ncy.wait(3000);\n_EntscheidFreitexteTab.default.VerifyGeneratedSalutationText(\"Wait\");\n_EntscheidFreitexteTab.default.VerifyGeneratedAnspruchsbeginnabHeader(\"Anspruchsbeginn ab:\");\n_EntscheidFreitexteTab.default.VerifyGeneratedGradderHilflosigkeitValue(\"leichten Grades\");\n_EntscheidFreitexteTab.default.VerifyGeneratedGradderHilflosigkeitHeader(\"Grad der Hilflosigkeit\");\n_EntscheidFreitexteTab.default.VerifyGeneratedAnspruchsbeginnabValue(firstday);\n_EntscheidFreitexteTab.default.FreitextSpeichernBtn().click();\ncy.wait(5000);\n_EntscheidFreitexteTab.default.VerifyGeneratedSalutationTextWithoutColor(\"Wait\");\n_EntscheidFreitexteTab.default.VerifyGeneratedAnspruchsbeginnabHeaderWithoutColor(\"Anspruchsbeginn ab:\");\n_EntscheidFreitexteTab.default.VerifyGeneratedGradderHilflosigkeitValueWithoutColor(\"leichten Grades\");\n_EntscheidFreitexteTab.default.VerifyGeneratedGradderHilflosigkeitHeaderWithoutColor(\"Grad der Hilflosigkeit\");\n_EntscheidFreitexteTab.default.VerifyGeneratedAnspruchsbeginnabValueWithoutColor(firstday);\n_EntscheidFreitexteTab.default.GesetzlicheGrundlagen().click();\ncy.wait(1000);\n_EntscheidFreitexteTab.default.FreitextgenerierenGesetzlicheBtn().click();\n_EntscheidFreitexteTab.default.WarningconfirmBtn().click();\n_EntscheidDetails.default.ValidateNotOrangeFreitexteColor(\"rgb(255, 165, 0)\");\n_EntscheidDetails.default.EntscheidSendungenTab().click();\n_EntscheidEntscheidSendungenTab.default.EntscheidSendungGenerierenBtn().click();\n_EntscheidDetails.default.VerifyOrangeVisierenColor(\"rgb(255, 165, 0)\");\n_EntscheidDetails.default.ValidateNotOrangeEntscheidSendungenColor(\"rgb(255, 165, 0)\");\n_EntscheidEntscheidSendungenTab.default.VerifyExistedRow(\"Neu\");\n_EntscheidDetails.default.VisierenTab().click();\n_EntscheidEntscheidSendungenTab.default.VisumSpeichernBtn().click();\n_EntscheidEntscheidSendungenTab.default.WarningconfirmBtn().click();\n_EntscheidDetails.default.ValidateOrangeEntscheidSendungenColor(\"rgb(255, 165, 0)\");\ncy.wait(1000);\n_EntscheidDetails.default.VerifyNotOrangeVisierenColor(\"rgb(255, 165, 0)\");\n_EntscheidDetails.default.EntscheidSendungenTab().click();\n_EntscheidSendungenTab.default.SendungenTab().click();\n_EntscheidSendungenTab.default.findTableRowbyText(\"VRD\").click({\n  force: true\n});\n_Dashboard.default.HomeBtn().click();\n_SendungenDetails.default.FormularVariablen().click();\n_SendungenDetails.default.Betrifft().type(\"Formular Variablen\");\n_SendungenDetails.default.VariablenSpeichernBtn().click();\n_SendungenDetails.default.DruckVersandBtn().click();\n_SendungenDruckundVersand.default.DruckVorschauMW().click();\n_SendungenDruckundVersand.default.DruckVersandMW().click();\n_SendungenDruckundVersand.default.SelectDruckerAuswählen(\"Testdrucker\");\n_SendungenDetails.default.ModalOkBtn().click();\n_SendungenDetails.default.FrageJaBtn().click();\n_SendungenDetails.default.VerifyArbeitslists(\"Abgeschlossen\");",
              "err": {
                "message": "AssertionError: Timed out retrying after 50000ms: Expected to find element: `span`, but never found it. Queried from:\n\n              > cy.get([id=\"cke_3_contents\"]).find([class=\"WordSection1\"] tbody).eq(0)",
                "estack": "AssertionError: Timed out retrying after 50000ms: Expected to find element: `span`, but never found it. Queried from:\n\n              > cy.get([id=\"cke_3_contents\"]).find([class=\"WordSection1\"] tbody).eq(0)\n    at Object.VerifyGeneratedAnspruchsbeginnabHeaderWithoutColor (webpack:///./cypress/support/page_objects/EntscheidFreitexteTab.js:82:22)\n    at Context.eval (webpack:///./cypress/e2e/E2E_HE_ENT.js:131:26)",
                "diff": null
              },
              "uuid": "dbf86512-e75f-41a5-8ff1-310ee0ee807a",
              "parentUUID": "01351d0b-3847-461c-9505-ebf8657c8012",
              "isHook": false,
              "skipped": false
            }
          ],
          "suites": [],
          "passes": [],
          "failures": [
            "dbf86512-e75f-41a5-8ff1-310ee0ee807a"
          ],
          "pending": [],
          "skipped": [],
          "duration": 208527,
          "root": false,
          "rootEmpty": false,
          "_timeout": 2000
        }
      ],
      "passes": [],
      "failures": [],
      "pending": [],
      "skipped": [],
      "duration": 0,
      "root": true,
      "rootEmpty": true,
      "_timeout": 2000
    }
  ],
  "meta": {
    "mocha": {
      "version": "7.0.1"
    },
    "mochawesome": {
      "options": {
        "quiet": false,
        "reportFilename": "mochawesome",
        "saveHtml": false,
        "saveJson": true,
        "consoleReporter": "spec",
        "useInlineDiffs": false,
        "code": true
      },
      "version": "7.1.3"
    },
    "marge": {
      "options": {
        "id": "default",
        "reportDir": "cypress/results/mochawesome",
        "overwrite": false,
        "html": false,
        "json": true
      },
      "version": "6.2.0"
    }
  }
}