{
  "stats": {
    "suites": 1,
    "tests": 3,
    "passes": 1,
    "pending": 0,
    "failures": 2,
    "start": "2023-01-05T08:44:20.947Z",
    "end": "2023-01-05T08:48:05.514Z",
    "duration": 224567,
    "testsRegistered": 3,
    "passPercent": 33.33333333333333,
    "pendingPercent": 0,
    "other": 0,
    "hasOther": false,
    "skipped": 0,
    "hasSkipped": false
  },
  "results": [
    {
      "uuid": "cdcb301a-1890-46c4-a7b1-1153673196fa",
      "title": "",
      "fullFile": "cypress\\e2e\\ProtocolsCreateAndDelete.js",
      "file": "cypress\\e2e\\ProtocolsCreateAndDelete.js",
      "beforeHooks": [],
      "afterHooks": [],
      "tests": [],
      "suites": [
        {
          "uuid": "4e14d49d-9ad2-4313-8ccf-75476e8ebd48",
          "title": "Test to create protocol, softly remove it, undo it and again remove it",
          "fullFile": "",
          "file": "",
          "beforeHooks": [],
          "afterHooks": [],
          "tests": [
            {
              "title": "create protocol",
              "fullTitle": "Test to create protocol, softly remove it, undo it and again remove it create protocol",
              "timedOut": null,
              "duration": 67660,
              "state": "passed",
              "speed": "slow",
              "pass": true,
              "fail": false,
              "pending": false,
              "context": null,
              "code": "_Desktop.default.Versicherte().click();\n_VPGrid.default.typevpName(\"OConnor Gregory\").type(\"{enter}\");\n_VPGrid.default.vpSelectedRow().trigger(\"dblclick\");\ncy.wait(3000);\n_Dashboard.default.HomeBtn().click();\ncy.wait(3000);\n//cy.wait I used here cause the element Protocol tab exists on page but it is not clickable\n_VPDetails.default.Protocol().click();\n_ProtocolDetails.default.ProtokollNewBtn().click();\n_ProtocolDetails.default.SelectNewProtocoltype(\"BB\");\n_ProtocolDetails.default.SelectNewProtocolFormtext(\"test\");\n_ProtocolDetails.default.ModalOkBtn().click();\ncy.wait(4000);\n_ProtocolDetails.default.ProSelectedRow().dblclick();",
              "err": {},
              "uuid": "adea5956-07b7-4d83-a0a1-22410a801d68",
              "parentUUID": "4e14d49d-9ad2-4313-8ccf-75476e8ebd48",
              "isHook": false,
              "skipped": false
            },
            {
              "title": "Soft removing of a protocol",
              "fullTitle": "Test to create protocol, softly remove it, undo it and again remove it Soft removing of a protocol",
              "timedOut": null,
              "duration": 75637,
              "state": "failed",
              "speed": null,
              "pass": false,
              "fail": true,
              "pending": false,
              "context": null,
              "code": "_Desktop.default.Versicherte().click();\n_VPGrid.default.typevpName(\"OConnor Gregory\").type(\"{enter}\");\n_VPGrid.default.vpSelectedRow().trigger(\"dblclick\");\ncy.wait(3000);\n_Dashboard.default.HomeBtn().click();\ncy.wait(3000);\n//cy.wait I used here cause the element Protocol tab exists on page but it is not clickable\n_VPDetails.default.Protocol().click();\n_ProtocolDetails.default.ProSelectedRow().dblclick();\n_Dashboard.default.HomeBtn().click();\n_ProtocolDetails.default.InDenPapierkorbBtn().click();\n_ProtocolDetails.default.SelectLöschGrund(\"Falsche Information\");\n_ProtocolDetails.default.ModalOkBtn().click();\ncy.wait(1000);",
              "err": {
                "message": "AssertionError: Timed out retrying after 50000ms: Expected to find element: `[class=\"dhxrb_3rows_button\"][title=\"In den Papierkorb\"]`, but never found it.",
                "estack": "AssertionError: Timed out retrying after 50000ms: Expected to find element: `[class=\"dhxrb_3rows_button\"][title=\"In den Papierkorb\"]`, but never found it.\n    at Object.InDenPapierkorbBtn (webpack:///./cypress/support/page_objects/ProtocolDetails.js:14:18)\n    at Context.eval (webpack:///./cypress/e2e/ProtocolsCreateAndDelete.js:45:20)",
                "diff": null
              },
              "uuid": "2010ebdb-a7e8-4342-aee1-6387e1744208",
              "parentUUID": "4e14d49d-9ad2-4313-8ccf-75476e8ebd48",
              "isHook": false,
              "skipped": false
            },
            {
              "title": "Hard removing of a protocol",
              "fullTitle": "Test to create protocol, softly remove it, undo it and again remove it Hard removing of a protocol",
              "timedOut": null,
              "duration": 79230,
              "state": "failed",
              "speed": null,
              "pass": false,
              "fail": true,
              "pending": false,
              "context": null,
              "code": "_Desktop.default.Versicherte().click();\n_VPGrid.default.typevpName(\"OConnor Gregory\").type(\"{enter}\");\n_VPGrid.default.vpSelectedRow().trigger(\"dblclick\");\ncy.wait(3000);\n_Dashboard.default.HomeBtn().click();\ncy.wait(3000);\n//cy.wait I used here cause the element Protocol tab exists on page but it is not clickable\n_VPDetails.default.Protocol().click();\n_ProtocolDetails.default.ToggleGeloescht().click();\n_ProtocolDetails.default.ProSelectedRow().dblclick();\n_Dashboard.default.HomeBtn().click();\n_ProtocolDetails.default.WiederherstellenBtn().click();\n_ProtocolDetails.default.ConfirmOKBtn().click();\n_ProtocolDetails.default.InDenPapierkorbBtn().click();\n_ProtocolDetails.default.SelectLöschGrund(\"Falsche Information\");\n_ProtocolDetails.default.ModalOkBtn().click();\n_ProtocolDetails.default.ProtokollBearbLöschenBtn().click();\n_ProtocolDetails.default.ConfirmBestätigenBtn().click();",
              "err": {
                "message": "AssertionError: Timed out retrying after 50000ms: Expected to find element: `[class=\"dhxrb_3rows_button\"][title=\"Wiederherstellen\"]`, but never found it.",
                "estack": "AssertionError: Timed out retrying after 50000ms: Expected to find element: `[class=\"dhxrb_3rows_button\"][title=\"Wiederherstellen\"]`, but never found it.\n    at Object.WiederherstellenBtn (webpack:///./cypress/support/page_objects/ProtocolDetails.js:18:18)\n    at Context.eval (webpack:///./cypress/e2e/ProtocolsCreateAndDelete.js:62:20)",
                "diff": null
              },
              "uuid": "3bb3f493-a82c-474b-b9b0-7cc0b2e167b2",
              "parentUUID": "4e14d49d-9ad2-4313-8ccf-75476e8ebd48",
              "isHook": false,
              "skipped": false
            }
          ],
          "suites": [],
          "passes": [
            "adea5956-07b7-4d83-a0a1-22410a801d68"
          ],
          "failures": [
            "2010ebdb-a7e8-4342-aee1-6387e1744208",
            "3bb3f493-a82c-474b-b9b0-7cc0b2e167b2"
          ],
          "pending": [],
          "skipped": [],
          "duration": 222527,
          "root": false,
          "rootEmpty": false,
          "_timeout": 2000
        }
      ],
      "passes": [],
      "failures": [],
      "pending": [],
      "skipped": [],
      "duration": 0,
      "root": true,
      "rootEmpty": true,
      "_timeout": 2000
    }
  ],
  "meta": {
    "mocha": {
      "version": "7.0.1"
    },
    "mochawesome": {
      "options": {
        "quiet": false,
        "reportFilename": "mochawesome",
        "saveHtml": false,
        "saveJson": true,
        "consoleReporter": "spec",
        "useInlineDiffs": false,
        "code": true
      },
      "version": "7.1.3"
    },
    "marge": {
      "options": {
        "id": "default",
        "reportDir": "cypress/results/mochawesome",
        "overwrite": false,
        "html": false,
        "json": true
      },
      "version": "6.2.0"
    }
  }
}