{
  "stats": {
    "suites": 1,
    "tests": 1,
    "passes": 1,
    "pending": 0,
    "failures": 0,
    "start": "2023-01-05T08:40:20.114Z",
    "end": "2023-01-05T08:41:19.775Z",
    "duration": 59661,
    "testsRegistered": 1,
    "passPercent": 100,
    "pendingPercent": 0,
    "other": 0,
    "hasOther": false,
    "skipped": 0,
    "hasSkipped": false
  },
  "results": [
    {
      "uuid": "ac512035-d94f-4fc6-affa-4613aac72207",
      "title": "",
      "fullFile": "cypress\\e2e\\Entscheid - with or without travel expenses (Reisekosten).js",
      "file": "cypress\\e2e\\Entscheid - with or without travel expenses (Reisekosten).js",
      "beforeHooks": [],
      "afterHooks": [],
      "tests": [],
      "suites": [
        {
          "uuid": "c0d5a42a-ae42-473f-95d9-3f43a3463870",
          "title": " Verify that the generation of freetext based on Bausteine takes into account the following validation: https://osiv-frtest.ivnet.ch",
          "fullFile": "",
          "file": "",
          "beforeHooks": [],
          "afterHooks": [],
          "tests": [
            {
              "title": "a. SYSTEM MUST NOT add any travel cost texts into CKEditor if the linked DFStelle has NO travel costs assigned",
              "fullTitle": " Verify that the generation of freetext based on Bausteine takes into account the following validation: https://osiv-frtest.ivnet.ch a. SYSTEM MUST NOT add any travel cost texts into CKEditor if the linked DFStelle has NO travel costs assigned",
              "timedOut": null,
              "duration": 57481,
              "state": "passed",
              "speed": "slow",
              "pass": true,
              "fail": false,
              "pending": false,
              "context": null,
              "code": "_Desktop.default.Versicherte().click();\n_VPGrid.default.typevpName(\"Käppeli-Erbeia Tom\");\n_VPGrid.default.vpSelectedRow().trigger(\"dblclick\");\ncy.wait(2000);\n_Dashboard.default.HomeBtn().click();\ncy.wait(3000);\n_VPDetails.default.Entscheide().click();\n_VPEntscheidGrid.default.findTableRowbyText(\"23'137\").dblclick();\n_Dashboard.default.HomeBtn().click();\n//entscheidDetails.FreitexteTab().click()\n//entscheidDetails.ValidateBausteinListHasValue('Reisekosten Auflistung')",
              "err": {},
              "uuid": "f1cd0aa1-9f79-444b-8852-fb59375463c2",
              "parentUUID": "c0d5a42a-ae42-473f-95d9-3f43a3463870",
              "isHook": false,
              "skipped": false
            }
          ],
          "suites": [],
          "passes": [
            "f1cd0aa1-9f79-444b-8852-fb59375463c2"
          ],
          "failures": [],
          "pending": [],
          "skipped": [],
          "duration": 57481,
          "root": false,
          "rootEmpty": false,
          "_timeout": 2000
        }
      ],
      "passes": [],
      "failures": [],
      "pending": [],
      "skipped": [],
      "duration": 0,
      "root": true,
      "rootEmpty": true,
      "_timeout": 2000
    }
  ],
  "meta": {
    "mocha": {
      "version": "7.0.1"
    },
    "mochawesome": {
      "options": {
        "quiet": false,
        "reportFilename": "mochawesome",
        "saveHtml": false,
        "saveJson": true,
        "consoleReporter": "spec",
        "useInlineDiffs": false,
        "code": true
      },
      "version": "7.1.3"
    },
    "marge": {
      "options": {
        "id": "default",
        "reportDir": "cypress/results/mochawesome",
        "overwrite": false,
        "html": false,
        "json": true
      },
      "version": "6.2.0"
    }
  }
}