{
  "stats": {
    "suites": 1,
    "tests": 1,
    "passes": 0,
    "pending": 0,
    "failures": 1,
    "start": "2023-01-05T08:34:28.347Z",
    "end": "2023-01-05T08:35:51.935Z",
    "duration": 83588,
    "testsRegistered": 1,
    "passPercent": 0,
    "pendingPercent": 0,
    "other": 0,
    "hasOther": false,
    "skipped": 0,
    "hasSkipped": false
  },
  "results": [
    {
      "uuid": "1b5904be-e0a2-4009-9b32-863d331a3ada",
      "title": "",
      "fullFile": "cypress\\e2e\\Add Hilflosigkeit data_Happy case.js",
      "file": "cypress\\e2e\\Add Hilflosigkeit data_Happy case.js",
      "beforeHooks": [],
      "afterHooks": [],
      "tests": [],
      "suites": [
        {
          "uuid": "10cd1fd4-e74b-449d-b4fb-20d81d420dbf",
          "title": "Add Hilflosigkeit data_Happy case https://osiv-frtest.ivnet.ch",
          "fullFile": "",
          "file": "",
          "beforeHooks": [],
          "afterHooks": [],
          "tests": [
            {
              "title": "Check the system calculation",
              "fullTitle": "Add Hilflosigkeit data_Happy case https://osiv-frtest.ivnet.ch Check the system calculation",
              "timedOut": null,
              "duration": 80828,
              "state": "failed",
              "speed": null,
              "pass": false,
              "fail": true,
              "pending": false,
              "context": null,
              "code": "_Desktop.default.Entscheid().click();\n_ENTGrid.default.EntscheidID(\"22783\").click();\n_ENTGrid.default.entSelectedRow(\"22783\").dblclick();\ncy.wait(4000);\n_Dashboard.default.HomeBtn().click();\ncy.wait(3000);\n_EntscheidDetails.default.HilflosigkeitTab().click();\n_EntscheidHilflosigkeitTab.default.SelectArtderInvaliditätValue(\"Langdauernde Erwerbsunfähigkeit\");\n_EntscheidHilflosigkeitTab.default.SelectAusgleichskasseValue(\"10 - Ausgleichskasse des Kantons Freiburg\");\n_EntscheidHilflosigkeitTab.default.SelectAnAuskleidenDate(today);\n_EntscheidHilflosigkeitTab.default.SelectAufstehenAbsitzenDate(today);\n_EntscheidHilflosigkeitTab.default.SelectEssenDate(today);\n_EntscheidHilflosigkeitTab.default.SpeichernBtn().click();\n_EntscheidHilflosigkeitTab.default.ValidateTextOfWarningmeg(\"(OSCIENT:465)\");\n_EntscheidHilflosigkeitTab.default.ConfirmBtn().click();\n_EntscheidHilflosigkeitTab.default.ValidateAblaufWartefristValue(nextyear);\n_EntscheidHilflosigkeitTab.default.ValidateWFGradValue(\"20 %\");\n_EntscheidHilflosigkeitTab.default.ValidateTageValue(countOfdaysInYear);\n_EntscheidHilflosigkeitTab.default.ValidateGrenzgradValue(\"20 %\");\n_EntscheidHilflosigkeitTab.default.ValidateBeginnDate(today);\n_EntscheidHilflosigkeitTab.default.ValidateEndeDate(end);\n_EntscheidHilflosigkeitTab.default.ValidateAnzahlTageValue(countOfdaysInYear);\n_EntscheidHilflosigkeitTab.default.ValidateHEGradinValue(\"20\");\n_EntscheidHilflosigkeitTab.default.ValidateHEGradValue(\"Leicht\");\n_EntscheidHilflosigkeitTab.default.ValidateHEGradBeginnDate(firstday);\n_EntscheidHilflosigkeitTab.default.ValidateHeGradabDate(firstday);\n_EntscheidHilflosigkeitTab.default.ValidateHEGradVerlaufValue(\"Leicht\");",
              "err": {
                "message": "AssertionError: Timed out retrying after 50000ms: Expected to find element: `[class=\"akUserInfo\"]`, but never found it.\n\nThis error occurred while creating the session. Because the session setup failed, we failed the test.\n\nBecause this error occurred during a `before each` hook we are skipping the remaining tests in the current suite: `Add Hilflosigkeit data_Happ...`",
                "estack": "AssertionError: Timed out retrying after 50000ms: Expected to find element: `[class=\"akUserInfo\"]`, but never found it.\n\nThis error occurred while creating the session. Because the session setup failed, we failed the test.\n\nBecause this error occurred during a `before each` hook we are skipping the remaining tests in the current suite: `Add Hilflosigkeit data_Happ...`\n    at Object.UserInfo (webpack:///./cypress/support/page_objects/Dashboard.js:3:14)\n    at Object.eval [as setup] (webpack:///./cypress/support/commands.js:40:14)",
                "diff": null
              },
              "uuid": "1a0977a8-1895-4932-a7bf-4bdd53630339",
              "parentUUID": "10cd1fd4-e74b-449d-b4fb-20d81d420dbf",
              "isHook": false,
              "skipped": false
            }
          ],
          "suites": [],
          "passes": [],
          "failures": [
            "1a0977a8-1895-4932-a7bf-4bdd53630339"
          ],
          "pending": [],
          "skipped": [],
          "duration": 80828,
          "root": false,
          "rootEmpty": false,
          "_timeout": 2000
        }
      ],
      "passes": [],
      "failures": [],
      "pending": [],
      "skipped": [],
      "duration": 0,
      "root": true,
      "rootEmpty": true,
      "_timeout": 2000
    }
  ],
  "meta": {
    "mocha": {
      "version": "7.0.1"
    },
    "mochawesome": {
      "options": {
        "quiet": false,
        "reportFilename": "mochawesome",
        "saveHtml": false,
        "saveJson": true,
        "consoleReporter": "spec",
        "useInlineDiffs": false,
        "code": true
      },
      "version": "7.1.3"
    },
    "marge": {
      "options": {
        "id": "default",
        "reportDir": "cypress/results/mochawesome",
        "overwrite": false,
        "html": false,
        "json": true
      },
      "version": "6.2.0"
    }
  }
}