{
  "stats": {
    "suites": 1,
    "tests": 1,
    "passes": 1,
    "pending": 0,
    "failures": 0,
    "start": "2023-01-05T08:35:53.832Z",
    "end": "2023-01-05T08:36:45.711Z",
    "duration": 51879,
    "testsRegistered": 1,
    "passPercent": 100,
    "pendingPercent": 0,
    "other": 0,
    "hasOther": false,
    "skipped": 0,
    "hasSkipped": false
  },
  "results": [
    {
      "uuid": "6242d13b-6df7-4acd-a796-8f8b8e6475d6",
      "title": "",
      "fullFile": "cypress\\e2e\\Correct Supertext and Entscheidtyp.js",
      "file": "cypress\\e2e\\Correct Supertext and Entscheidtyp.js",
      "beforeHooks": [],
      "afterHooks": [],
      "tests": [],
      "suites": [
        {
          "uuid": "1f93a510-1885-4fbe-8d62-90999a9e3bb0",
          "title": "Test that it should be possible to edit \"Supertext\" and \"Entscheidtyp\" with the function \"Supertext, Entscheidtyp ändern\"https://osiv-frtest.ivnet.ch",
          "fullFile": "",
          "file": "",
          "beforeHooks": [],
          "afterHooks": [],
          "tests": [
            {
              "title": "Test that \"Supertext, Entscheidtyp ändern\" option  is not available in dynselect",
              "fullTitle": "Test that it should be possible to edit \"Supertext\" and \"Entscheidtyp\" with the function \"Supertext, Entscheidtyp ändern\"https://osiv-frtest.ivnet.ch Test that \"Supertext, Entscheidtyp ändern\" option  is not available in dynselect",
              "timedOut": null,
              "duration": 50266,
              "state": "passed",
              "speed": "slow",
              "pass": true,
              "fail": false,
              "pending": false,
              "context": null,
              "code": "_Desktop.default.Entscheid().click();\n_ENTGrid.default.EntscheidID(\"22738\").click();\n_ENTGrid.default.entSelectedRow(\"22738\").dblclick();\ncy.wait(4000);\n_Dashboard.default.HomeBtn().click();\ncy.wait(3000);\n_EntscheidDetails.default.VerifySupertextfieldisReadOnly();\n//entscheidDetails.VerifySupertextfieldisNOTReadOnly()",
              "err": {},
              "uuid": "afacbfb5-a609-4376-a9e0-13cf274e8706",
              "parentUUID": "1f93a510-1885-4fbe-8d62-90999a9e3bb0",
              "isHook": false,
              "skipped": false
            }
          ],
          "suites": [],
          "passes": [
            "afacbfb5-a609-4376-a9e0-13cf274e8706"
          ],
          "failures": [],
          "pending": [],
          "skipped": [],
          "duration": 50266,
          "root": false,
          "rootEmpty": false,
          "_timeout": 2000
        }
      ],
      "passes": [],
      "failures": [],
      "pending": [],
      "skipped": [],
      "duration": 0,
      "root": true,
      "rootEmpty": true,
      "_timeout": 2000
    }
  ],
  "meta": {
    "mocha": {
      "version": "7.0.1"
    },
    "mochawesome": {
      "options": {
        "quiet": false,
        "reportFilename": "mochawesome",
        "saveHtml": false,
        "saveJson": true,
        "consoleReporter": "spec",
        "useInlineDiffs": false,
        "code": true
      },
      "version": "7.1.3"
    },
    "marge": {
      "options": {
        "id": "default",
        "reportDir": "cypress/results/mochawesome",
        "overwrite": false,
        "html": false,
        "json": true
      },
      "version": "6.2.0"
    }
  }
}