<?xml version="1.0" encoding="UTF-8"?>
<testsuites name="Mocha Tests" time="182.425" tests="2" failures="2">
  <testsuite name="Root Suite" timestamp="2023-01-05T08:48:07" tests="0" file="cypress\e2e\Show (no show) Dynamic Baustein.js" time="0.000" failures="0">
  </testsuite>
  <testsuite name="Test to verify if Freetext tab shows or not Baustein 1013+ (Reisekosten Auflistung) https://osiv-frtest.ivnet.ch" timestamp="2023-01-05T08:48:07" tests="2" time="182.408" failures="2">
    <testcase name="Test to verify if Freetext tab shows or not Baustein 1013+ (Reisekosten Auflistung) https://osiv-frtest.ivnet.ch Test verifies that Freetext tab shows Baustein 1013+" time="0.000" classname="Test verifies that Freetext tab shows Baustein 1013+">
      <failure message="Timed out retrying after 50000ms: Expected to find element: `#active-panel .objbox`, but never found it." type="AssertionError"><![CDATA[AssertionError: Timed out retrying after 50000ms: Expected to find element: `#active-panel .objbox`, but never found it.
    at Object.findTableRowbyText (https://osiv-frtest.ivnet.ch/__cypress/tests?p=cypress\e2e\Show%20no%20show%20Dynamic%20Baustein.js:533:15)
    at Context.eval (https://osiv-frtest.ivnet.ch/__cypress/tests?p=cypress\e2e\Show%20no%20show%20Dynamic%20Baustein.js:141:30)]]></failure>
    </testcase>
    <testcase name="Test to verify if Freetext tab shows or not Baustein 1013+ (Reisekosten Auflistung) https://osiv-frtest.ivnet.ch Test verifies that Freetext tab does NOT show Baustein 1013+ (Reisekosten Auflistung)" time="0.000" classname="Test verifies that Freetext tab does NOT show Baustein 1013+ (Reisekosten Auflistung)">
      <failure message="Timed out retrying after 50000ms: Expected to find element: `#active-panel .objbox`, but never found it." type="AssertionError"><![CDATA[AssertionError: Timed out retrying after 50000ms: Expected to find element: `#active-panel .objbox`, but never found it.
    at Object.findTableRowbyText (https://osiv-frtest.ivnet.ch/__cypress/tests?p=cypress\e2e\Show%20no%20show%20Dynamic%20Baustein.js:533:15)
    at Context.eval (https://osiv-frtest.ivnet.ch/__cypress/tests?p=cypress\e2e\Show%20no%20show%20Dynamic%20Baustein.js:154:30)]]></failure>
    </testcase>
  </testsuite>
</testsuites>