<?xml version="1.0" encoding="UTF-8"?>
<testsuites name="Mocha Tests" time="83.588" tests="1" failures="1">
  <testsuite name="Root Suite" timestamp="2023-01-05T08:34:28" tests="0" file="cypress\e2e\Add Hilflosigkeit data_Happy case.js" time="0.000" failures="0">
  </testsuite>
  <testsuite name="Add Hilflosigkeit data_Happy case https://osiv-frtest.ivnet.ch" timestamp="2023-01-05T08:34:28" tests="1" time="83.573" failures="1">
    <testcase name="Add Hilflosigkeit data_Happy case https://osiv-frtest.ivnet.ch &quot;before each&quot; hook: Login for &quot;Check the system calculation&quot;" time="0.000" classname="&quot;before each&quot; hook: Login for &quot;Check the system calculation&quot;">
      <failure message="Timed out retrying after 50000ms: Expected to find element: `[class=&quot;akUserInfo&quot;]`, but never found it.

This error occurred while creating the session. Because the session setup failed, we failed the test.

Because this error occurred during a `before each` hook we are skipping the remaining tests in the current suite: `Add Hilflosigkeit data_Happ...`" type="AssertionError"><![CDATA[AssertionError: Timed out retrying after 50000ms: Expected to find element: `[class="akUserInfo"]`, but never found it.

This error occurred while creating the session. Because the session setup failed, we failed the test.

Because this error occurred during a `before each` hook we are skipping the remaining tests in the current suite: `Add Hilflosigkeit data_Happ...`
    at Object.UserInfo (webpack:///./cypress/support/page_objects/Dashboard.js:3:14)
    at Object.eval [as setup] (webpack:///./cypress/support/commands.js:40:14)]]></failure>
    </testcase>
  </testsuite>
</testsuites>