<?xml version="1.0" encoding="UTF-8"?>
<testsuites name="Mocha Tests" time="210.701" tests="1" failures="1">
  <testsuite name="Root Suite" timestamp="2023-01-05T08:36:47" tests="0" file="cypress\e2e\E2E_HE_ENT.js" time="0.000" failures="0">
  </testsuite>
  <testsuite name="E2E test of createting and sending Entscheide for HE code https://osiv-frtest.ivnet.ch" timestamp="2023-01-05T08:36:47" tests="1" time="210.684" failures="1">
    <testcase name="E2E test of createting and sending Entscheide for HE code https://osiv-frtest.ivnet.ch Verify Environment" time="0.000" classname="Verify Environment">
      <failure message="Timed out retrying after 50000ms: Expected to find element: `span`, but never found it. Queried from:

              &gt; cy.get([id=&quot;cke_3_contents&quot;]).find([class=&quot;WordSection1&quot;] tbody).eq(0)" type="AssertionError"><![CDATA[AssertionError: Timed out retrying after 50000ms: Expected to find element: `span`, but never found it. Queried from:

              > cy.get([id="cke_3_contents"]).find([class="WordSection1"] tbody).eq(0)
    at Object.VerifyGeneratedAnspruchsbeginnabHeaderWithoutColor (webpack:///./cypress/support/page_objects/EntscheidFreitexteTab.js:82:22)
    at Context.eval (webpack:///./cypress/e2e/E2E_HE_ENT.js:131:26)]]></failure>
    </testcase>
  </testsuite>
</testsuites>